d:\aliba\documents\comsc 200\lab\lab 15\elevatorsimulation\debug\elevatorsimulation.pch
d:\aliba\documents\comsc 200\lab\lab 15\elevatorsimulation\debug\vc141.pdb
d:\aliba\documents\comsc 200\lab\lab 15\elevatorsimulation\debug\vc141.idb
d:\aliba\documents\comsc 200\lab\lab 15\elevatorsimulation\debug\stdafx.obj
d:\aliba\documents\comsc 200\lab\lab 15\elevatorsimulation\debug\visualrider.obj
d:\aliba\documents\comsc 200\lab\lab 15\elevatorsimulation\debug\visualpanel.obj
d:\aliba\documents\comsc 200\lab\lab 15\elevatorsimulation\debug\visualfloor.obj
d:\aliba\documents\comsc 200\lab\lab 15\elevatorsimulation\debug\visualelevator.obj
d:\aliba\documents\comsc 200\lab\lab 15\elevatorsimulation\debug\visualbuilding.obj
d:\aliba\documents\comsc 200\lab\lab 15\elevatorsimulation\debug\elevatorsimulationdlg.obj
d:\aliba\documents\comsc 200\lab\lab 15\elevatorsimulation\debug\elevatorsimulation.obj
d:\aliba\documents\comsc 200\lab\lab 15\elevatorsimulation\debug\elevatorsimulation.res
d:\aliba\documents\comsc 200\lab\lab 15\elevatorsimulation\debug\elevatorsimulation.exe
d:\aliba\documents\comsc 200\lab\lab 15\elevatorsimulation\debug\elevatorsimulation.pdb
d:\aliba\documents\comsc 200\lab\lab 15\elevatorsimulation\.\debug\elevatorsimulation.exe
d:\aliba\documents\comsc 200\lab\lab 15\elevatorsimulation\debug\elevator.c5f0db77.tlog\cl.read.1.tlog
d:\aliba\documents\comsc 200\lab\lab 15\elevatorsimulation\debug\elevator.c5f0db77.tlog\cl.write.1.tlog
d:\aliba\documents\comsc 200\lab\lab 15\elevatorsimulation\debug\elevator.c5f0db77.tlog\cl.command.1.tlog
d:\aliba\documents\comsc 200\lab\lab 15\elevatorsimulation\debug\elevator.c5f0db77.tlog\rc.read.1.tlog
d:\aliba\documents\comsc 200\lab\lab 15\elevatorsimulation\debug\elevator.c5f0db77.tlog\rc.write.1.tlog
d:\aliba\documents\comsc 200\lab\lab 15\elevatorsimulation\debug\elevator.c5f0db77.tlog\rc.command.1.tlog
d:\aliba\documents\comsc 200\lab\lab 15\elevatorsimulation\debug\elevator.c5f0db77.tlog\link.read.1.tlog
d:\aliba\documents\comsc 200\lab\lab 15\elevatorsimulation\debug\elevator.c5f0db77.tlog\link.write.1.tlog
d:\aliba\documents\comsc 200\lab\lab 15\elevatorsimulation\debug\elevator.c5f0db77.tlog\link.command.1.tlog
